c:\users\erikp\documents\projekt\heissluftballon\luftballon\luftballon\x64\release\vc140.pdb
c:\users\erikp\documents\projekt\heissluftballon\luftballon\luftballon\x64\release\gui.obj
c:\users\erikp\documents\projekt\heissluftballon\luftballong\luftballon\x64\release\vc140.pdb
c:\users\erikp\documents\projekt\heissluftballon\luftballong\luftballon\x64\release\gui.obj
c:\users\erikp\documents\projekt\heissluftballon\luftballong\luftballon\x64\release\trianglesoup.obj
c:\users\erikp\documents\projekt\heissluftballon\luftballon\x64\release\luftballon.exe
c:\users\erikp\documents\projekt\heissluftballon\luftballon\x64\release\luftballon.ipdb
c:\users\erikp\documents\projekt\heissluftballon\luftballon\x64\release\luftballon.iobj
c:\users\erikp\documents\projekt\heissluftballon\luftballon\x64\release\luftballon.pdb
c:\users\erikp\documents\projekt\heissluftballon\luftballong\x64\release\luftballon.exe
c:\users\erikp\documents\projekt\heissluftballon\luftballong\x64\release\luftballon.ipdb
c:\users\erikp\documents\projekt\heissluftballon\luftballong\x64\release\luftballon.iobj
c:\users\erikp\documents\projekt\heissluftballon\luftballong\x64\release\luftballon.pdb
d:\liu\tnm085\luftballon\x64\release\gui.obj
d:\liu\tnm085\luftballon\x64\release\trianglesoup.obj
d:\liu\tnm085\luftballon\x64\release\vc140.pdb
d:\liu\tnm085\x64\release\luftballon.pdb
d:\liu\tnm085\x64\release\luftballon.exe
d:\liu\tnm085\luftballon\x64\release\luftballon.tlog\cl.command.1.tlog
d:\liu\tnm085\luftballon\x64\release\luftballon.tlog\cl.read.1.tlog
d:\liu\tnm085\luftballon\x64\release\luftballon.tlog\cl.write.1.tlog
d:\liu\tnm085\luftballon\x64\release\luftballon.tlog\link.command.1.tlog
d:\liu\tnm085\luftballon\x64\release\luftballon.tlog\link.read.1.tlog
d:\liu\tnm085\luftballon\x64\release\luftballon.tlog\link.write.1.tlog
