  GUi.cpp
LINK : warning LNK4098: defaultlib 'LIBCMT' conflicts with use of other libs; use /NODEFAULTLIB:library
  Generating code
  0 of 6 functions ( 0.0%) were compiled, the rest were copied from previous compilation.
    0 functions were new in current compilation
    0 functions had inline decision re-evaluated but remain unchanged
  Finished generating code
TriangleSoup.obj : warning LNK4049: locally defined symbol __glewDeleteBuffers imported
TriangleSoup.obj : warning LNK4049: locally defined symbol __glewGenBuffers imported
TriangleSoup.obj : warning LNK4049: locally defined symbol __glewGenVertexArrays imported
TriangleSoup.obj : warning LNK4049: locally defined symbol __glewIsBuffer imported
TriangleSoup.obj : warning LNK4049: locally defined symbol __glewBufferData imported
TriangleSoup.obj : warning LNK4049: locally defined symbol __glewDeleteVertexArrays imported
TriangleSoup.obj : warning LNK4049: locally defined symbol __glewBindBuffer imported
TriangleSoup.obj : warning LNK4049: locally defined symbol __glewVertexAttribPointer imported
TriangleSoup.obj : warning LNK4049: locally defined symbol __glewIsVertexArray imported
TriangleSoup.obj : warning LNK4049: locally defined symbol __glewBindVertexArray imported
TriangleSoup.obj : warning LNK4049: locally defined symbol __glewEnableVertexAttribArray imported
glew32s.lib(glew.obj) : warning LNK4099: PDB 'vc120.pdb' was not found with 'glew32s.lib(glew.obj)' or at 'D:\LIU\TNM085\x64\Release\vc120.pdb'; linking object as if no debug info
  LuftBallon.vcxproj -> D:\LIU\TNM085\x64\Release\LuftBallon.exe
