  TriangleSoup.cpp
d:\users\martini\documents\skolarbete\tnm085\luftballong\luftballon\trianglesoup.cpp(126): warning C4244: '=': conversion from 'double' to 'float', possible loss of data
d:\users\martini\documents\skolarbete\tnm085\luftballong\luftballon\trianglesoup.cpp(127): warning C4244: '=': conversion from 'double' to 'float', possible loss of data
d:\users\martini\documents\skolarbete\tnm085\luftballong\luftballon\trianglesoup.cpp(130): warning C4244: '=': conversion from 'double' to 'float', possible loss of data
d:\users\martini\documents\skolarbete\tnm085\luftballong\luftballon\trianglesoup.cpp(131): warning C4244: '=': conversion from 'double' to 'float', possible loss of data
  GUi.cpp
  Generating Code...
LINK : warning LNK4098: defaultlib 'MSVCRT' conflicts with use of other libs; use /NODEFAULTLIB:library
LINK : warning LNK4098: defaultlib 'LIBCMT' conflicts with use of other libs; use /NODEFAULTLIB:library
TriangleSoup.obj : warning LNK4049: locally defined symbol __glewBindBuffer imported
TriangleSoup.obj : warning LNK4049: locally defined symbol __glewBufferData imported
TriangleSoup.obj : warning LNK4049: locally defined symbol __glewDeleteBuffers imported
TriangleSoup.obj : warning LNK4049: locally defined symbol __glewGenBuffers imported
TriangleSoup.obj : warning LNK4049: locally defined symbol __glewIsBuffer imported
TriangleSoup.obj : warning LNK4049: locally defined symbol __glewEnableVertexAttribArray imported
TriangleSoup.obj : warning LNK4049: locally defined symbol __glewVertexAttribPointer imported
TriangleSoup.obj : warning LNK4049: locally defined symbol __glewBindVertexArray imported
TriangleSoup.obj : warning LNK4049: locally defined symbol __glewDeleteVertexArrays imported
TriangleSoup.obj : warning LNK4049: locally defined symbol __glewGenVertexArrays imported
TriangleSoup.obj : warning LNK4049: locally defined symbol __glewIsVertexArray imported
glew32s.lib(glew.obj) : warning LNK4099: PDB 'vc120.pdb' was not found with 'glew32s.lib(glew.obj)' or at 'D:\Users\Martini\Documents\Skolarbete\TNM085\Luftballong\x64\Debug\vc120.pdb'; linking object as if no debug info
  LuftBallon.vcxproj -> D:\Users\Martini\Documents\Skolarbete\TNM085\Luftballong\x64\Debug\LuftBallon.exe
